#
# A fatal error has been detected by the Java Runtime Environment:
#
#  EXCEPTION_ACCESS_VIOLATION (0xc0000005) at pc=0x04bc69fd, pid=2808, tid=2520
#
# JRE version: 7.0_17-b02
# Java VM: Java HotSpot(TM) Client VM (23.7-b01 mixed mode, sharing windows-x86 )
# Problematic frame:
# C  [wpcap.dll+0x169fd]  pcap_next_ex+0x1d
#
# Failed to write core dump. Minidumps are not enabled by default on client versions of Windows
#
# If you would like to submit a bug report, please visit:
#   http://bugreport.sun.com/bugreport/crash.jsp
# The crash happened outside the Java Virtual Machine in native code.
# See problematic frame for where to report the bug.
#

---------------  T H R E A D  ---------------

Current thread (0x03e3c000):  JavaThread "AWT-EventQueue-0" [_thread_in_native, id=2520, stack(0x03d20000,0x03d70000)]

siginfo: ExceptionCode=0xc0000005, reading address 0x00000224

Registers:
EAX=0x00000214, EBX=0x03d6e678, ECX=0x03d6e680, EDX=0x03d6e678
ESP=0x03d6e640, EBP=0x03d6e65c, ESI=0x00000000, EDI=0x03d6e680
EIP=0x04bc69fd, EFLAGS=0x00010212

Top of Stack: (sp=0x03d6e640)
0x03d6e640:   00000000 03e3c128 33895808 03d6ecd4
0x03d6e650:   6460cc9e a3b758c5 fffffffe 03d6e6b8
0x03d6e660:   047a1a7a 00000000 03d6e678 03d6e680
0x03d6e670:   03e3c000 33895808 00000214 0192a717
0x03d6e680:   03e3c128 03d6e6c8 33896310 00000000
0x03d6e690:   03d6e69c 03d6e6c0 03d6e698 00000000
0x03d6e6a0:   03d6e6c8 33896690 00000000 33895808
0x03d6e6b0:   00000000 03d6e6c8 03d6e6ec 0192345a 

Instructions: (pc=0x04bc69fd)
0x04bc69dd:   cc cc cc 55 8b ec 83 e4 f8 83 ec 0c 53 8b 5d 0c
0x04bc69ed:   56 8b 75 08 8d 86 14 02 00 00 57 8b 7d 10 89 03
0x04bc69fd:   83 be 24 02 00 00 00 89 44 24 10 89 7c 24 14 74
0x04bc6a0d:   31 83 be 34 02 00 00 00 75 15 8b ce e8 82 cb ff 


Register to memory mapping:

EAX=0x00000214 is an unknown value
EBX=0x03d6e678 is pointing into the stack for thread: 0x03e3c000
ECX=0x03d6e680 is pointing into the stack for thread: 0x03e3c000
EDX=0x03d6e678 is pointing into the stack for thread: 0x03e3c000
ESP=0x03d6e640 is pointing into the stack for thread: 0x03e3c000
EBP=0x03d6e65c is pointing into the stack for thread: 0x03e3c000
ESI=0x00000000 is an unknown value
EDI=0x03d6e680 is pointing into the stack for thread: 0x03e3c000


Stack: [0x03d20000,0x03d70000],  sp=0x03d6e640,  free space=313k
Native frames: (J=compiled Java code, j=interpreted, Vv=VM code, C=native code)
C  [wpcap.dll+0x169fd]  pcap_next_ex+0x1d
C  [Jpcap.dll+0x1a7a]  Java_jpcap_JpcapCaptor_getPacket+0x4a
j  jpcapnet.pkpirate.jButton2ActionPerformed(Ljava/awt/event/ActionEvent;)V+51
j  jpcapnet.pkpirate.access$100(Ljpcapnet/pkpirate;Ljava/awt/event/ActionEvent;)V+2
j  jpcapnet.pkpirate$2.actionPerformed(Ljava/awt/event/ActionEvent;)V+5
j  javax.swing.AbstractButton.fireActionPerformed(Ljava/awt/event/ActionEvent;)V+84
j  javax.swing.AbstractButton$Handler.actionPerformed(Ljava/awt/event/ActionEvent;)V+5
j  javax.swing.DefaultButtonModel.fireActionPerformed(Ljava/awt/event/ActionEvent;)V+35
j  javax.swing.DefaultButtonModel.setPressed(Z)V+117
j  javax.swing.plaf.basic.BasicButtonListener.mouseReleased(Ljava/awt/event/MouseEvent;)V+35
j  java.awt.Component.processMouseEvent(Ljava/awt/event/MouseEvent;)V+64
j  javax.swing.JComponent.processMouseEvent(Ljava/awt/event/MouseEvent;)V+23
j  java.awt.Component.processEvent(Ljava/awt/AWTEvent;)V+81
j  java.awt.Container.processEvent(Ljava/awt/AWTEvent;)V+18
j  java.awt.Component.dispatchEventImpl(Ljava/awt/AWTEvent;)V+581
j  java.awt.Container.dispatchEventImpl(Ljava/awt/AWTEvent;)V+42
j  java.awt.Component.dispatchEvent(Ljava/awt/AWTEvent;)V+2
j  java.awt.LightweightDispatcher.retargetMouseEvent(Ljava/awt/Component;ILjava/awt/event/MouseEvent;)V+327
j  java.awt.LightweightDispatcher.processMouseEvent(Ljava/awt/event/MouseEvent;)Z+139
j  java.awt.LightweightDispatcher.dispatchEvent(Ljava/awt/AWTEvent;)Z+50
j  java.awt.Container.dispatchEventImpl(Ljava/awt/AWTEvent;)V+12
j  java.awt.Window.dispatchEventImpl(Ljava/awt/AWTEvent;)V+19
j  java.awt.Component.dispatchEvent(Ljava/awt/AWTEvent;)V+2
j  java.awt.EventQueue.dispatchEventImpl(Ljava/awt/AWTEvent;Ljava/lang/Object;)V+41
j  java.awt.EventQueue.access$200(Ljava/awt/EventQueue;Ljava/awt/AWTEvent;Ljava/lang/Object;)V+3
j  java.awt.EventQueue$3.run()Ljava/lang/Void;+12
j  java.awt.EventQueue$3.run()Ljava/lang/Object;+1
v  ~StubRoutines::call_stub
V  [jvm.dll+0x12a34a]
V  [jvm.dll+0x1d968e]
V  [jvm.dll+0x12a3cd]
V  [jvm.dll+0xd9d0a]
C  [java.dll+0x102f]  Java_java_security_AccessController_doPrivileged__Ljava_security_PrivilegedAction_2Ljava_security_AccessControlContext_2+0x17
j  java.security.ProtectionDomain$1.doIntersectionPrivilege(Ljava/security/PrivilegedAction;Ljava/security/AccessControlContext;Ljava/security/AccessControlContext;)Ljava/lang/Object;+28
j  java.security.ProtectionDomain$1.doIntersectionPrivilege(Ljava/security/PrivilegedAction;Ljava/security/AccessControlContext;)Ljava/lang/Object;+6
j  java.awt.EventQueue$4.run()Ljava/lang/Void;+11
j  java.awt.EventQueue$4.run()Ljava/lang/Object;+1
v  ~StubRoutines::call_stub
V  [jvm.dll+0x12a34a]
V  [jvm.dll+0x1d968e]
V  [jvm.dll+0x12a3cd]
V  [jvm.dll+0xd9d0a]
C  [java.dll+0x102f]  Java_java_security_AccessController_doPrivileged__Ljava_security_PrivilegedAction_2Ljava_security_AccessControlContext_2+0x17
j  java.security.ProtectionDomain$1.doIntersectionPrivilege(Ljava/security/PrivilegedAction;Ljava/security/AccessControlContext;Ljava/security/AccessControlContext;)Ljava/lang/Object;+28
j  java.awt.EventQueue.dispatchEvent(Ljava/awt/AWTEvent;)V+73
j  java.awt.EventDispatchThread.pumpOneEventForFilters(I)V+245
j  java.awt.EventDispatchThread.pumpEventsForFilter(ILjava/awt/Conditional;Ljava/awt/EventFilter;)V+35
j  java.awt.EventDispatchThread.pumpEventsForHierarchy(ILjava/awt/Conditional;Ljava/awt/Component;)V+11
j  java.awt.EventDispatchThread.pumpEvents(ILjava/awt/Conditional;)V+4
j  java.awt.EventDispatchThread.pumpEvents(Ljava/awt/Conditional;)V+3
j  java.awt.EventDispatchThread.run()V+9
v  ~StubRoutines::call_stub
V  [jvm.dll+0x12a34a]
V  [jvm.dll+0x1d968e]
V  [jvm.dll+0x12a533]
V  [jvm.dll+0x12a597]
V  [jvm.dll+0xd306f]
V  [jvm.dll+0x14a647]
V  [jvm.dll+0x14a7b0]
V  [jvm.dll+0x17ee89]
C  [msvcr100.dll+0x5c6de]  endthreadex+0x3a
C  [msvcr100.dll+0x5c788]  endthreadex+0xe4
C  [kernel32.dll+0x4ed6c]  BaseThreadInitThunk+0x12
C  [ntdll.dll+0x6377b]  RtlInitializeExceptionChain+0xef
C  [ntdll.dll+0x6374e]  RtlInitializeExceptionChain+0xc2

Java frames: (J=compiled Java code, j=interpreted, Vv=VM code)
j  jpcap.JpcapCaptor.getPacket()Ljpcap/packet/Packet;+0
j  jpcapnet.pkpirate.jButton2ActionPerformed(Ljava/awt/event/ActionEvent;)V+51
j  jpcapnet.pkpirate.access$100(Ljpcapnet/pkpirate;Ljava/awt/event/ActionEvent;)V+2
j  jpcapnet.pkpirate$2.actionPerformed(Ljava/awt/event/ActionEvent;)V+5
j  javax.swing.AbstractButton.fireActionPerformed(Ljava/awt/event/ActionEvent;)V+84
j  javax.swing.AbstractButton$Handler.actionPerformed(Ljava/awt/event/ActionEvent;)V+5
j  javax.swing.DefaultButtonModel.fireActionPerformed(Ljava/awt/event/ActionEvent;)V+35
j  javax.swing.DefaultButtonModel.setPressed(Z)V+117
j  javax.swing.plaf.basic.BasicButtonListener.mouseReleased(Ljava/awt/event/MouseEvent;)V+35
j  java.awt.Component.processMouseEvent(Ljava/awt/event/MouseEvent;)V+64
j  javax.swing.JComponent.processMouseEvent(Ljava/awt/event/MouseEvent;)V+23
j  java.awt.Component.processEvent(Ljava/awt/AWTEvent;)V+81
j  java.awt.Container.processEvent(Ljava/awt/AWTEvent;)V+18
j  java.awt.Component.dispatchEventImpl(Ljava/awt/AWTEvent;)V+581
j  java.awt.Container.dispatchEventImpl(Ljava/awt/AWTEvent;)V+42
j  java.awt.Component.dispatchEvent(Ljava/awt/AWTEvent;)V+2
j  java.awt.LightweightDispatcher.retargetMouseEvent(Ljava/awt/Component;ILjava/awt/event/MouseEvent;)V+327
j  java.awt.LightweightDispatcher.processMouseEvent(Ljava/awt/event/MouseEvent;)Z+139
j  java.awt.LightweightDispatcher.dispatchEvent(Ljava/awt/AWTEvent;)Z+50
j  java.awt.Container.dispatchEventImpl(Ljava/awt/AWTEvent;)V+12
j  java.awt.Window.dispatchEventImpl(Ljava/awt/AWTEvent;)V+19
j  java.awt.Component.dispatchEvent(Ljava/awt/AWTEvent;)V+2
j  java.awt.EventQueue.dispatchEventImpl(Ljava/awt/AWTEvent;Ljava/lang/Object;)V+41
j  java.awt.EventQueue.access$200(Ljava/awt/EventQueue;Ljava/awt/AWTEvent;Ljava/lang/Object;)V+3
j  java.awt.EventQueue$3.run()Ljava/lang/Void;+12
j  java.awt.EventQueue$3.run()Ljava/lang/Object;+1
v  ~StubRoutines::call_stub
j  java.security.AccessController.doPrivileged(Ljava/security/PrivilegedAction;Ljava/security/AccessControlContext;)Ljava/lang/Object;+0
j  java.security.ProtectionDomain$1.doIntersectionPrivilege(Ljava/security/PrivilegedAction;Ljava/security/AccessControlContext;Ljava/security/AccessControlContext;)Ljava/lang/Object;+28
j  java.security.ProtectionDomain$1.doIntersectionPrivilege(Ljava/security/PrivilegedAction;Ljava/security/AccessControlContext;)Ljava/lang/Object;+6
j  java.awt.EventQueue$4.run()Ljava/lang/Void;+11
j  java.awt.EventQueue$4.run()Ljava/lang/Object;+1
v  ~StubRoutines::call_stub
j  java.security.AccessController.doPrivileged(Ljava/security/PrivilegedAction;Ljava/security/AccessControlContext;)Ljava/lang/Object;+0
j  java.security.ProtectionDomain$1.doIntersectionPrivilege(Ljava/security/PrivilegedAction;Ljava/security/AccessControlContext;Ljava/security/AccessControlContext;)Ljava/lang/Object;+28
j  java.awt.EventQueue.dispatchEvent(Ljava/awt/AWTEvent;)V+73
j  java.awt.EventDispatchThread.pumpOneEventForFilters(I)V+245
j  java.awt.EventDispatchThread.pumpEventsForFilter(ILjava/awt/Conditional;Ljava/awt/EventFilter;)V+35
j  java.awt.EventDispatchThread.pumpEventsForHierarchy(ILjava/awt/Conditional;Ljava/awt/Component;)V+11
j  java.awt.EventDispatchThread.pumpEvents(ILjava/awt/Conditional;)V+4
j  java.awt.EventDispatchThread.pumpEvents(Ljava/awt/Conditional;)V+3
j  java.awt.EventDispatchThread.run()V+9
v  ~StubRoutines::call_stub

---------------  P R O C E S S  ---------------

Java Threads: ( => current thread )
  0x03eb8400 JavaThread "TimerQueue" daemon [_thread_blocked, id=1396, stack(0x04ce0000,0x04d30000)]
  0x0015a800 JavaThread "DestroyJavaVM" [_thread_blocked, id=6136, stack(0x017d0000,0x01820000)]
=>0x03e3c000 JavaThread "AWT-EventQueue-0" [_thread_in_native, id=2520, stack(0x03d20000,0x03d70000)]
  0x03e3b000 JavaThread "AWT-Windows" daemon [_thread_in_native, id=6000, stack(0x04250000,0x042a0000)]
  0x03e3a800 JavaThread "AWT-Shutdown" [_thread_blocked, id=5176, stack(0x04070000,0x040c0000)]
  0x03e36400 JavaThread "Java2D Disposer" daemon [_thread_blocked, id=2480, stack(0x04000000,0x04050000)]
  0x018f2000 JavaThread "Service Thread" daemon [_thread_blocked, id=5432, stack(0x03970000,0x039c0000)]
  0x018ec800 JavaThread "C1 CompilerThread0" daemon [_thread_blocked, id=2972, stack(0x03c90000,0x03ce0000)]
  0x018eb000 JavaThread "Attach Listener" daemon [_thread_blocked, id=4348, stack(0x039e0000,0x03a30000)]
  0x018e8000 JavaThread "Signal Dispatcher" daemon [_thread_blocked, id=4620, stack(0x03bc0000,0x03c10000)]
  0x018d6800 JavaThread "Finalizer" daemon [_thread_blocked, id=1204, stack(0x03c20000,0x03c70000)]
  0x018d1c00 JavaThread "Reference Handler" daemon [_thread_blocked, id=4848, stack(0x03b70000,0x03bc0000)]

Other Threads:
  0x018d0000 VMThread [stack: 0x03a50000,0x03aa0000] [id=5244]
  0x01904400 WatcherThread [stack: 0x03d70000,0x03dc0000] [id=3540]

VM state:not at safepoint (normal execution)

VM Mutex/Monitor currently owned by a thread: None

Heap
 def new generation   total 4928K, used 3256K [0x237a0000, 0x23cf0000, 0x28cf0000)
  eden space 4416K,  73% used [0x237a0000, 0x23ace068, 0x23bf0000)
  from space 512K,   0% used [0x23bf0000, 0x23bf0000, 0x23c70000)
  to   space 512K,   0% used [0x23c70000, 0x23c70000, 0x23cf0000)
 tenured generation   total 10944K, used 0K [0x28cf0000, 0x297a0000, 0x337a0000)
   the space 10944K,   0% used [0x28cf0000, 0x28cf0000, 0x28cf0200, 0x297a0000)
 compacting perm gen  total 12288K, used 1032K [0x337a0000, 0x343a0000, 0x377a0000)
   the space 12288K,   8% used [0x337a0000, 0x338a2358, 0x338a2400, 0x343a0000)
    ro space 10240K,  45% used [0x377a0000, 0x37c273d8, 0x37c27400, 0x381a0000)
    rw space 12288K,  54% used [0x381a0000, 0x3882acc8, 0x3882ae00, 0x38da0000)

Card table byte_map: [0x01550000,0x01600000] byte_map_base: 0x01434300

Polling page: 0x001b0000

Code Cache  [0x01920000, 0x019f0000, 0x03920000)
 total_blobs=372 nmethods=156 adapters=151 free_code_cache=31943Kb largest_free_block=32710144

Compilation events (10 events):
Event: 6.936 Thread 0x018ec800  151             sun.util.logging.PlatformLogger$LoggerProxy::isLoggable (21 bytes)
Event: 6.936 Thread 0x018ec800 nmethod 151 0x019ead08 code [0x019eae00, 0x019eaeb0]
Event: 7.051 Thread 0x018ec800  152   !         sun.awt.AWTAutoShutdown::setToolkitBusy (124 bytes)
Event: 7.053 Thread 0x018ec800 nmethod 152 0x019eaf08 code [0x019eb060, 0x019eb58c]
Event: 7.094 Thread 0x018ec800  153   !         java.awt.Container::getMouseEventTargetImpl (255 bytes)
Event: 7.096 Thread 0x018ec800 nmethod 153 0x019ebac8 code [0x019ebc70, 0x019ec334]
Event: 7.751 Thread 0x018ec800  154             sun.font.CompositeGlyphMapper::getCachedGlyphCode (32 bytes)
Event: 7.752 Thread 0x018ec800 nmethod 154 0x019ec988 code [0x019eca90, 0x019ecb90]
Event: 7.920 Thread 0x018ec800  156             java.util.HashMap::<init> (165 bytes)
Event: 7.922 Thread 0x018ec800 nmethod 156 0x019ed488 code [0x019ed660, 0x019edd40]

GC Heap History (0 events):
No events

Deoptimization events (0 events):
No events

Internal exceptions (10 events):
Event: 0.350 Thread 0x03e3c000 Threw 0x23891ec0 at C:\jdk7u2_32P\jdk7u17\hotspot\src\share\vm\prims\jvm.cpp:1166
Event: 0.351 Thread 0x03e3c000 Threw 0x23893c28 at C:\jdk7u2_32P\jdk7u17\hotspot\src\share\vm\prims\jvm.cpp:1166
Event: 0.448 Thread 0x03e3c000 Threw 0x238d85a0 at C:\jdk7u2_32P\jdk7u17\hotspot\src\share\vm\prims\jvm.cpp:1166
Event: 0.450 Thread 0x03e3c000 Threw 0x238d9d90 at C:\jdk7u2_32P\jdk7u17\hotspot\src\share\vm\prims\jvm.cpp:1166
Event: 0.452 Thread 0x03e3c000 Threw 0x238db628 at C:\jdk7u2_32P\jdk7u17\hotspot\src\share\vm\prims\jvm.cpp:1166
Event: 0.454 Thread 0x03e3c000 Threw 0x238dce00 at C:\jdk7u2_32P\jdk7u17\hotspot\src\share\vm\prims\jvm.cpp:1166
Event: 0.456 Thread 0x03e3c000 Threw 0x238de5e8 at C:\jdk7u2_32P\jdk7u17\hotspot\src\share\vm\prims\jvm.cpp:1166
Event: 0.458 Thread 0x03e3c000 Threw 0x238dfdc0 at C:\jdk7u2_32P\jdk7u17\hotspot\src\share\vm\prims\jvm.cpp:1166
Event: 0.460 Thread 0x03e3c000 Threw 0x238e15a0 at C:\jdk7u2_32P\jdk7u17\hotspot\src\share\vm\prims\jvm.cpp:1166
Event: 0.462 Thread 0x03e3c000 Threw 0x238e2e10 at C:\jdk7u2_32P\jdk7u17\hotspot\src\share\vm\prims\jvm.cpp:1166

Events (10 events):
Event: 7.914 loading class 0x019102a0
Event: 7.914 loading class 0x019102a0 done
Event: 7.915 loading class 0x01910270
Event: 7.915 loading class 0x01910270 done
Event: 7.916 loading class 0x01910300
Event: 7.916 loading class 0x01910300 done
Event: 7.917 loading class 0x01910630
Event: 7.917 loading class 0x01910630 done
Event: 7.918 loading class 0x01910660
Event: 7.918 loading class 0x01910660 done


Dynamic libraries:
0x011e0000 - 0x0120f000 	C:\Program Files\Java\jdk1.7.0_17\bin\java.exe
0x77b70000 - 0x77cac000 	C:\windows\SYSTEM32\ntdll.dll
0x76620000 - 0x766f4000 	C:\windows\system32\kernel32.dll
0x75ef0000 - 0x75f3b000 	C:\windows\system32\KERNELBASE.dll
0x77d00000 - 0x77da0000 	C:\windows\system32\ADVAPI32.dll
0x76ca0000 - 0x76d4c000 	C:\windows\system32\msvcrt.dll
0x76c80000 - 0x76c99000 	C:\windows\SYSTEM32\sechost.dll
0x76570000 - 0x76611000 	C:\windows\system32\RPCRT4.dll
0x76160000 - 0x76229000 	C:\windows\system32\USER32.dll
0x77cb0000 - 0x77cfe000 	C:\windows\system32\GDI32.dll
0x76ae0000 - 0x76aea000 	C:\windows\system32\LPK.dll
0x76de0000 - 0x76e7d000 	C:\windows\system32\USP10.dll
0x73e80000 - 0x7401e000 	C:\windows\WinSxS\x86_microsoft.windows.common-controls_6595b64144ccf1df_6.0.7601.17514_none_41e6975e2bd6f2b2\COMCTL32.dll
0x76d80000 - 0x76dd7000 	C:\windows\system32\SHLWAPI.dll
0x76d50000 - 0x76d6f000 	C:\windows\system32\IMM32.DLL
0x76450000 - 0x7651c000 	C:\windows\system32\MSCTF.dll
0x690d0000 - 0x6918e000 	C:\Program Files\Java\jdk1.7.0_17\jre\bin\msvcr100.dll
0x643a0000 - 0x646ec000 	C:\Program Files\Java\jdk1.7.0_17\jre\bin\client\jvm.dll
0x6feb0000 - 0x6feb7000 	C:\windows\system32\WSOCK32.dll
0x76120000 - 0x76155000 	C:\windows\system32\WS2_32.dll
0x76d70000 - 0x76d76000 	C:\windows\system32\NSI.dll
0x73cb0000 - 0x73ce2000 	C:\windows\system32\WINMM.dll
0x77b60000 - 0x77b65000 	C:\windows\system32\PSAPI.DLL
0x74130000 - 0x7413c000 	C:\Program Files\Java\jdk1.7.0_17\jre\bin\verify.dll
0x72010000 - 0x72030000 	C:\Program Files\Java\jdk1.7.0_17\jre\bin\java.dll
0x71ff0000 - 0x72003000 	C:\Program Files\Java\jdk1.7.0_17\jre\bin\zip.dll
0x648f0000 - 0x64a32000 	C:\Program Files\Java\jdk1.7.0_17\jre\bin\awt.dll
0x76e80000 - 0x76f0f000 	C:\windows\system32\OLEAUT32.dll
0x76af0000 - 0x76c4c000 	C:\windows\system32\ole32.dll
0x740c0000 - 0x74100000 	C:\windows\system32\uxtheme.dll
0x739a0000 - 0x739b3000 	C:\windows\system32\dwmapi.dll
0x75c80000 - 0x75c8c000 	C:\windows\system32\CRYPTBASE.dll
0x76f10000 - 0x77b5a000 	C:\windows\system32\SHELL32.dll
0x69020000 - 0x6904a000 	C:\Program Files\Java\jdk1.7.0_17\jre\bin\fontmanager.dll
0x10000000 - 0x10038000 	C:\Program Files\Lenovo\Bluetooth Software\btmmhook.dll
0x76090000 - 0x76113000 	C:\windows\system32\CLBCatQ.DLL
0x73870000 - 0x7396b000 	C:\windows\system32\WindowsCodecs.dll
0x75c30000 - 0x75c7c000 	C:\windows\system32\apphelp.dll
0x6ffc0000 - 0x6fff1000 	C:\windows\system32\EhStorShell.dll
0x76700000 - 0x7689d000 	C:\windows\system32\SETUPAPI.dll
0x75fd0000 - 0x75ff7000 	C:\windows\system32\CFGMGR32.dll
0x75ed0000 - 0x75ee2000 	C:\windows\system32\DEVOBJ.dll
0x74320000 - 0x74415000 	C:\windows\system32\PROPSYS.dll
0x6f7a0000 - 0x6fbaa000 	C:\PROGRA~1\MICROS~2\Office14\GROOVEEX.DLL
0x73dd0000 - 0x73e73000 	C:\windows\WinSxS\x86_microsoft.vc90.crt_1fc8b3b9a1e18e3b_9.0.30729.6161_none_50934f2ebcb7eb57\MSVCR90.dll
0x74030000 - 0x740be000 	C:\windows\WinSxS\x86_microsoft.vc90.crt_1fc8b3b9a1e18e3b_9.0.30729.6161_none_50934f2ebcb7eb57\MSVCP90.dll
0x6ff90000 - 0x6ffbb000 	C:\windows\WinSxS\x86_microsoft.vc90.atl_1fc8b3b9a1e18e3b_9.0.30729.6161_none_51cd0a7abbe4e19b\ATL90.DLL
0x6f390000 - 0x6f79f000 	C:\PROGRA~1\COMMON~1\MICROS~1\OFFICE14\Cultures\office.odf
0x6eb20000 - 0x6f384000 	C:\PROGRA~1\MICROS~2\Office14\1033\GrooveIntlResource.dll
0x6fd60000 - 0x6fd67000 	C:\Program Files\Internet Download Manager\IDMShellExt.dll
0x6fcd0000 - 0x6fd40000 	C:\windows\system32\ntshrui.dll
0x75a40000 - 0x75a59000 	C:\windows\system32\srvcli.dll
0x70440000 - 0x7044b000 	C:\windows\system32\cscapi.dll
0x741c0000 - 0x741ca000 	C:\windows\system32\slc.dll
0x71f30000 - 0x71f44000 	C:\Program Files\Java\jdk1.7.0_17\jre\bin\net.dll
0x75760000 - 0x7579c000 	C:\windows\system32\mswsock.dll
0x75750000 - 0x75756000 	C:\windows\System32\wship6.dll
0x71fe0000 - 0x71fee000 	C:\Program Files\Java\jdk1.7.0_17\jre\bin\nio.dll
0x68fe0000 - 0x69011000 	C:\Program Files\Java\jdk1.7.0_17\jre\bin\t2k.dll
0x03d00000 - 0x03d08000 	C:\Program Files\Internet Download Manager\idmmkb.dll
0x04b60000 - 0x04ba8000 	C:\Program Files\Elantech\ETDApix.dll
0x73d70000 - 0x73dc1000 	C:\windows\system32\WINSPOOL.DRV
0x75100000 - 0x75109000 	C:\windows\system32\VERSION.dll
0x047a0000 - 0x047c8000 	C:\Windows\System32\Jpcap.dll
0x04bb0000 - 0x04bfc000 	C:\windows\system32\wpcap.dll
0x04660000 - 0x04678000 	C:\windows\system32\packet.dll
0x72b10000 - 0x72b2c000 	C:\windows\system32\iphlpapi.dll
0x72b00000 - 0x72b07000 	C:\windows\system32\WINNSI.DLL
0x71580000 - 0x71592000 	C:\windows\system32\dhcpcsvc.DLL
0x71430000 - 0x7143d000 	C:\windows\system32\dhcpcsvc6.DLL
0x04c60000 - 0x04c81000 	C:\Program Files\Lenovo\Bluetooth Software\btkeyind.dll
0x73780000 - 0x7386b000 	C:\windows\system32\dbghelp.dll

VM Arguments:
jvm_args: -Dfile.encoding=UTF-8 
java_command: jpcapnet.pkpirate
Launcher Type: SUN_STANDARD

Environment Variables:
CLASSPATH=C:\Program Files\Java\jdk1.6.0\bin
PATH=C:\windows\system32;C:\windows;C:\windows\System32\Wbem;C:\Program Files\Java\jdk1.7.0_17\bin;C:\Program Files\Lenovo\Bluetooth Software\;C:\Program Files\Java\jdk1.7.0_17\bin
USERNAME=l
OS=Windows_NT
PROCESSOR_IDENTIFIER=x86 Family 6 Model 37 Stepping 2, GenuineIntel



---------------  S Y S T E M  ---------------

OS: Windows 7 Build 7601 Service Pack 1

CPU:total 4 (2 cores per cpu, 2 threads per core) family 6 model 37 stepping 2, cmov, cx8, fxsr, mmx, sse, sse2, sse3, ssse3, sse4.1, sse4.2, popcnt, ht, tsc, tscinvbit

Memory: 4k page, physical 3265036k(1914788k free), swap 6528316k(5227048k free)

vm_info: Java HotSpot(TM) Client VM (23.7-b01) for windows-x86 JRE (1.7.0_17-b02), built on Mar  1 2013 05:04:36 by "java_re" with unknown MS VC++:1600

time: Sat Mar 16 10:04:47 2013
elapsed time: 8 seconds

