#
# A fatal error has been detected by the Java Runtime Environment:
#
#  EXCEPTION_ACCESS_VIOLATION (0xc0000005) at pc=0x04c069fd, pid=2612, tid=4964
#
# JRE version: 7.0_17-b02
# Java VM: Java HotSpot(TM) Client VM (23.7-b01 mixed mode, sharing windows-x86 )
# Problematic frame:
# C  [wpcap.dll+0x169fd]  pcap_next_ex+0x1d
#
# Failed to write core dump. Minidumps are not enabled by default on client versions of Windows
#
# If you would like to submit a bug report, please visit:
#   http://bugreport.sun.com/bugreport/crash.jsp
# The crash happened outside the Java Virtual Machine in native code.
# See problematic frame for where to report the bug.
#

---------------  T H R E A D  ---------------

Current thread (0x03ec2000):  JavaThread "AWT-EventQueue-0" [_thread_in_native, id=4964, stack(0x04280000,0x042d0000)]

siginfo: ExceptionCode=0xc0000005, reading address 0x00000224

Registers:
EAX=0x00000214, EBX=0x042ce448, ECX=0x042ce450, EDX=0x042ce448
ESP=0x042ce410, EBP=0x042ce42c, ESI=0x00000000, EDI=0x042ce450
EIP=0x04c069fd, EFLAGS=0x00010212

Top of Stack: (sp=0x042ce410)
0x042ce410:   00000000 03ec2128 33894a58 042ceb14
0x042ce420:   6460cc9e 51295124 fffffffe 042ce484
0x042ce430:   04841a7a 00000000 042ce448 042ce450
0x042ce440:   03ec2000 33894a58 00000214 0185a717
0x042ce450:   03ec2128 042ce494 00000000 042ce468
0x042ce460:   042ce48c 042ce464 00000000 042ce494
0x042ce470:   338958e0 00000000 33894a58 00000000
0x042ce480:   042ce494 042ce4b8 0185345a 00000000 

Instructions: (pc=0x04c069fd)
0x04c069dd:   cc cc cc 55 8b ec 83 e4 f8 83 ec 0c 53 8b 5d 0c
0x04c069ed:   56 8b 75 08 8d 86 14 02 00 00 57 8b 7d 10 89 03
0x04c069fd:   83 be 24 02 00 00 00 89 44 24 10 89 7c 24 14 74
0x04c06a0d:   31 83 be 34 02 00 00 00 75 15 8b ce e8 82 cb ff 


Register to memory mapping:

EAX=0x00000214 is an unknown value
EBX=0x042ce448 is pointing into the stack for thread: 0x03ec2000
ECX=0x042ce450 is pointing into the stack for thread: 0x03ec2000
EDX=0x042ce448 is pointing into the stack for thread: 0x03ec2000
ESP=0x042ce410 is pointing into the stack for thread: 0x03ec2000
EBP=0x042ce42c is pointing into the stack for thread: 0x03ec2000
ESI=0x00000000 is an unknown value
EDI=0x042ce450 is pointing into the stack for thread: 0x03ec2000


Stack: [0x04280000,0x042d0000],  sp=0x042ce410,  free space=313k
Native frames: (J=compiled Java code, j=interpreted, Vv=VM code, C=native code)
C  [wpcap.dll+0x169fd]  pcap_next_ex+0x1d
C  [Jpcap.dll+0x1a7a]  Java_jpcap_JpcapCaptor_getPacket+0x4a
j  jpcapnet.pkpirate.jButton2ActionPerformed(Ljava/awt/event/ActionEvent;)V+51
j  jpcapnet.pkpirate.access$100(Ljpcapnet/pkpirate;Ljava/awt/event/ActionEvent;)V+2
j  jpcapnet.pkpirate$2.actionPerformed(Ljava/awt/event/ActionEvent;)V+5
j  javax.swing.AbstractButton.fireActionPerformed(Ljava/awt/event/ActionEvent;)V+84
j  javax.swing.AbstractButton$Handler.actionPerformed(Ljava/awt/event/ActionEvent;)V+5
j  javax.swing.DefaultButtonModel.fireActionPerformed(Ljava/awt/event/ActionEvent;)V+35
j  javax.swing.DefaultButtonModel.setPressed(Z)V+117
j  javax.swing.plaf.basic.BasicButtonListener.mouseReleased(Ljava/awt/event/MouseEvent;)V+35
j  java.awt.Component.processMouseEvent(Ljava/awt/event/MouseEvent;)V+64
j  javax.swing.JComponent.processMouseEvent(Ljava/awt/event/MouseEvent;)V+23
j  java.awt.Component.processEvent(Ljava/awt/AWTEvent;)V+81
j  java.awt.Container.processEvent(Ljava/awt/AWTEvent;)V+18
j  java.awt.Component.dispatchEventImpl(Ljava/awt/AWTEvent;)V+581
j  java.awt.Container.dispatchEventImpl(Ljava/awt/AWTEvent;)V+42
J  java.awt.LightweightDispatcher.retargetMouseEvent(Ljava/awt/Component;ILjava/awt/event/MouseEvent;)V
j  java.awt.LightweightDispatcher.dispatchEvent(Ljava/awt/AWTEvent;)Z+50
j  java.awt.Container.dispatchEventImpl(Ljava/awt/AWTEvent;)V+12
j  java.awt.Window.dispatchEventImpl(Ljava/awt/AWTEvent;)V+19
j  java.awt.Component.dispatchEvent(Ljava/awt/AWTEvent;)V+2
j  java.awt.EventQueue.dispatchEventImpl(Ljava/awt/AWTEvent;Ljava/lang/Object;)V+41
j  java.awt.EventQueue.access$200(Ljava/awt/EventQueue;Ljava/awt/AWTEvent;Ljava/lang/Object;)V+3
j  java.awt.EventQueue$3.run()Ljava/lang/Void;+12
j  java.awt.EventQueue$3.run()Ljava/lang/Object;+1
v  ~StubRoutines::call_stub
V  [jvm.dll+0x12a34a]
V  [jvm.dll+0x1d968e]
V  [jvm.dll+0x12a3cd]
V  [jvm.dll+0xd9d0a]
C  [java.dll+0x102f]  Java_java_security_AccessController_doPrivileged__Ljava_security_PrivilegedAction_2Ljava_security_AccessControlContext_2+0x17
J  java.security.ProtectionDomain$1.doIntersectionPrivilege(Ljava/security/PrivilegedAction;Ljava/security/AccessControlContext;Ljava/security/AccessControlContext;)Ljava/lang/Object;
j  java.awt.EventQueue$4.run()Ljava/lang/Void;+11
j  java.awt.EventQueue$4.run()Ljava/lang/Object;+1
v  ~StubRoutines::call_stub
V  [jvm.dll+0x12a34a]
V  [jvm.dll+0x1d968e]
V  [jvm.dll+0x12a3cd]
V  [jvm.dll+0xd9d0a]
C  [java.dll+0x102f]  Java_java_security_AccessController_doPrivileged__Ljava_security_PrivilegedAction_2Ljava_security_AccessControlContext_2+0x17
J  java.security.ProtectionDomain$1.doIntersectionPrivilege(Ljava/security/PrivilegedAction;Ljava/security/AccessControlContext;Ljava/security/AccessControlContext;)Ljava/lang/Object;
J  java.awt.EventDispatchThread.pumpOneEventForFilters(I)V
j  java.awt.EventDispatchThread.pumpEventsForHierarchy(ILjava/awt/Conditional;Ljava/awt/Component;)V+11
j  java.awt.EventDispatchThread.pumpEvents(ILjava/awt/Conditional;)V+4
j  java.awt.EventDispatchThread.pumpEvents(Ljava/awt/Conditional;)V+3
j  java.awt.EventDispatchThread.run()V+9
v  ~StubRoutines::call_stub
V  [jvm.dll+0x12a34a]
V  [jvm.dll+0x1d968e]
V  [jvm.dll+0x12a533]
V  [jvm.dll+0x12a597]
V  [jvm.dll+0xd306f]
V  [jvm.dll+0x14a647]
V  [jvm.dll+0x14a7b0]
V  [jvm.dll+0x17ee89]
C  [msvcr100.dll+0x5c6de]  endthreadex+0x3a
C  [msvcr100.dll+0x5c788]  endthreadex+0xe4
C  [kernel32.dll+0x4ed6c]  BaseThreadInitThunk+0x12
C  [ntdll.dll+0x6377b]  RtlInitializeExceptionChain+0xef
C  [ntdll.dll+0x6374e]  RtlInitializeExceptionChain+0xc2

Java frames: (J=compiled Java code, j=interpreted, Vv=VM code)
j  jpcap.JpcapCaptor.getPacket()Ljpcap/packet/Packet;+0
j  jpcapnet.pkpirate.jButton2ActionPerformed(Ljava/awt/event/ActionEvent;)V+51
j  jpcapnet.pkpirate.access$100(Ljpcapnet/pkpirate;Ljava/awt/event/ActionEvent;)V+2
j  jpcapnet.pkpirate$2.actionPerformed(Ljava/awt/event/ActionEvent;)V+5
j  javax.swing.AbstractButton.fireActionPerformed(Ljava/awt/event/ActionEvent;)V+84
j  javax.swing.AbstractButton$Handler.actionPerformed(Ljava/awt/event/ActionEvent;)V+5
j  javax.swing.DefaultButtonModel.fireActionPerformed(Ljava/awt/event/ActionEvent;)V+35
j  javax.swing.DefaultButtonModel.setPressed(Z)V+117
j  javax.swing.plaf.basic.BasicButtonListener.mouseReleased(Ljava/awt/event/MouseEvent;)V+35
j  java.awt.Component.processMouseEvent(Ljava/awt/event/MouseEvent;)V+64
j  javax.swing.JComponent.processMouseEvent(Ljava/awt/event/MouseEvent;)V+23
j  java.awt.Component.processEvent(Ljava/awt/AWTEvent;)V+81
j  java.awt.Container.processEvent(Ljava/awt/AWTEvent;)V+18
j  java.awt.Component.dispatchEventImpl(Ljava/awt/AWTEvent;)V+581
j  java.awt.Container.dispatchEventImpl(Ljava/awt/AWTEvent;)V+42
J  java.awt.LightweightDispatcher.retargetMouseEvent(Ljava/awt/Component;ILjava/awt/event/MouseEvent;)V
j  java.awt.LightweightDispatcher.processMouseEvent(Ljava/awt/event/MouseEvent;)Z+139
j  java.awt.LightweightDispatcher.dispatchEvent(Ljava/awt/AWTEvent;)Z+50
j  java.awt.Container.dispatchEventImpl(Ljava/awt/AWTEvent;)V+12
j  java.awt.Window.dispatchEventImpl(Ljava/awt/AWTEvent;)V+19
j  java.awt.Component.dispatchEvent(Ljava/awt/AWTEvent;)V+2
j  java.awt.EventQueue.dispatchEventImpl(Ljava/awt/AWTEvent;Ljava/lang/Object;)V+41
j  java.awt.EventQueue.access$200(Ljava/awt/EventQueue;Ljava/awt/AWTEvent;Ljava/lang/Object;)V+3
j  java.awt.EventQueue$3.run()Ljava/lang/Void;+12
j  java.awt.EventQueue$3.run()Ljava/lang/Object;+1
v  ~StubRoutines::call_stub
J  java.security.AccessController.doPrivileged(Ljava/security/PrivilegedAction;Ljava/security/AccessControlContext;)Ljava/lang/Object;
J  java.security.ProtectionDomain$1.doIntersectionPrivilege(Ljava/security/PrivilegedAction;Ljava/security/AccessControlContext;Ljava/security/AccessControlContext;)Ljava/lang/Object;
j  java.security.ProtectionDomain$1.doIntersectionPrivilege(Ljava/security/PrivilegedAction;Ljava/security/AccessControlContext;)Ljava/lang/Object;+6
j  java.awt.EventQueue$4.run()Ljava/lang/Void;+11
j  java.awt.EventQueue$4.run()Ljava/lang/Object;+1
v  ~StubRoutines::call_stub
J  java.security.AccessController.doPrivileged(Ljava/security/PrivilegedAction;Ljava/security/AccessControlContext;)Ljava/lang/Object;
J  java.security.ProtectionDomain$1.doIntersectionPrivilege(Ljava/security/PrivilegedAction;Ljava/security/AccessControlContext;Ljava/security/AccessControlContext;)Ljava/lang/Object;
j  java.awt.EventQueue.dispatchEvent(Ljava/awt/AWTEvent;)V+73
J  java.awt.EventDispatchThread.pumpOneEventForFilters(I)V
j  java.awt.EventDispatchThread.pumpEventsForFilter(ILjava/awt/Conditional;Ljava/awt/EventFilter;)V+35
j  java.awt.EventDispatchThread.pumpEventsForHierarchy(ILjava/awt/Conditional;Ljava/awt/Component;)V+11
j  java.awt.EventDispatchThread.pumpEvents(ILjava/awt/Conditional;)V+4
j  java.awt.EventDispatchThread.pumpEvents(Ljava/awt/Conditional;)V+3
j  java.awt.EventDispatchThread.run()V+9
v  ~StubRoutines::call_stub

---------------  P R O C E S S  ---------------

Java Threads: ( => current thread )
  0x03f42000 JavaThread "TimerQueue" daemon [_thread_blocked, id=5236, stack(0x04e00000,0x04e50000)]
  0x0022a800 JavaThread "DestroyJavaVM" [_thread_blocked, id=4544, stack(0x01190000,0x011e0000)]
=>0x03ec2000 JavaThread "AWT-EventQueue-0" [_thread_in_native, id=4964, stack(0x04280000,0x042d0000)]
  0x03ec1400 JavaThread "AWT-Windows" daemon [_thread_in_native, id=5648, stack(0x041a0000,0x041f0000)]
  0x03ec0800 JavaThread "AWT-Shutdown" [_thread_blocked, id=4316, stack(0x03cf0000,0x03d40000)]
  0x03ebc800 JavaThread "Java2D Disposer" daemon [_thread_blocked, id=5200, stack(0x03a60000,0x03ab0000)]
  0x01824800 JavaThread "Service Thread" daemon [_thread_blocked, id=3116, stack(0x03b80000,0x03bd0000)]
  0x01823400 JavaThread "C1 CompilerThread0" daemon [_thread_blocked, id=6124, stack(0x03c20000,0x03c70000)]
  0x01822800 JavaThread "Attach Listener" daemon [_thread_blocked, id=2580, stack(0x03ca0000,0x03cf0000)]
  0x01818000 JavaThread "Signal Dispatcher" daemon [_thread_blocked, id=6088, stack(0x03970000,0x039c0000)]
  0x01803400 JavaThread "Finalizer" daemon [_thread_blocked, id=4408, stack(0x03b20000,0x03b70000)]
  0x01801c00 JavaThread "Reference Handler" daemon [_thread_blocked, id=2368, stack(0x03ab0000,0x03b00000)]

Other Threads:
  0x01800000 VMThread [stack: 0x039f0000,0x03a40000] [id=1756]
  0x01832000 WatcherThread [stack: 0x03df0000,0x03e40000] [id=2364]

VM state:not at safepoint (normal execution)

VM Mutex/Monitor currently owned by a thread: None

Heap
 def new generation   total 4928K, used 2906K [0x237a0000, 0x23cf0000, 0x28cf0000)
  eden space 4416K,  65% used [0x237a0000, 0x23a75648, 0x23bf0000)
  from space 512K,   0% used [0x23bf0000, 0x23bf1200, 0x23c70000)
  to   space 512K,   0% used [0x23c70000, 0x23c70000, 0x23cf0000)
 tenured generation   total 10944K, used 2875K [0x28cf0000, 0x297a0000, 0x337a0000)
   the space 10944K,  26% used [0x28cf0000, 0x28fbeec8, 0x28fbf000, 0x297a0000)
 compacting perm gen  total 12288K, used 1045K [0x337a0000, 0x343a0000, 0x377a0000)
   the space 12288K,   8% used [0x337a0000, 0x338a54e8, 0x338a5600, 0x343a0000)
    ro space 10240K,  45% used [0x377a0000, 0x37c273d8, 0x37c27400, 0x381a0000)
    rw space 12288K,  54% used [0x381a0000, 0x3882acc8, 0x3882ae00, 0x38da0000)

Card table byte_map: [0x01650000,0x01700000] byte_map_base: 0x01534300

Polling page: 0x01090000

Code Cache  [0x01850000, 0x01948000, 0x03850000)
 total_blobs=524 nmethods=308 adapters=151 free_code_cache=31783Kb largest_free_block=32546240

Compilation events (10 events):
Event: 26.099 Thread 0x01823400  304             javax.swing.text.AbstractDocument$LeafElement::getEndOffset (10 bytes)
Event: 26.099 Thread 0x01823400 nmethod 304 0x01943888 code [0x01943990, 0x01943a5c]
Event: 27.006 Thread 0x01823400  305  s          sun.java2d.loops.RenderCache::get (100 bytes)
Event: 27.008 Thread 0x01823400 nmethod 305 0x01943b88 code [0x01943cb0, 0x0194409c]
Event: 27.040 Thread 0x01823400  306             java.awt.LightweightDispatcher::retargetMouseEvent (350 bytes)
Event: 27.043 Thread 0x01823400 nmethod 306 0x01944388 code [0x019445c0, 0x01944df8]
Event: 27.373 Thread 0x01823400  307             java.util.concurrent.locks.AbstractQueuedSynchronizer::compareAndSetWaitStatus (13 bytes)
Event: 27.374 Thread 0x01823400 nmethod 307 0x019456c8 code [0x019457c0, 0x01945850]
Event: 27.401 Thread 0x01823400  308             java.awt.AWTEvent::<init> (81 bytes)
Event: 27.402 Thread 0x01823400 nmethod 308 0x01945888 code [0x019459b0, 0x01945b94]

GC Heap History (10 events):
Event: 10.766 GC heap before
{Heap before GC invocations=3 (full 0):
 def new generation   total 4928K, used 3392K [0x237a0000, 0x23cf0000, 0x28cf0000)
  eden space 4416K,  76% used [0x237a0000, 0x23aeec48, 0x23bf0000)
  from space 512K,   1% used [0x23c70000, 0x23c715c0, 0x23cf0000)
  to   space 512K,   0% used [0x23bf0000, 0x23bf0000, 0x23c70000)
 tenured generation   total 10944K, used 2875K [0x28cf0000, 0x297a0000, 0x337a0000)
   the space 10944K,  26% used [0x28cf0000, 0x28fbeec8, 0x28fbf000, 0x297a0000)
 compacting perm gen  total 12288K, used 1007K [0x337a0000, 0x343a0000, 0x377a0000)
   the space 12288K,   8% used [0x337a0000, 0x3389bde8, 0x3389be00, 0x343a0000)
    ro space 10240K,  45% used [0x377a0000, 0x37c273d8, 0x37c27400, 0x381a0000)
    rw space 12288K,  54% used [0x381a0000, 0x3882acc8, 0x3882ae00, 0x38da0000)
Event: 10.767 GC heap after
Heap after GC invocations=4 (full 0):
 def new generation   total 4928K, used 5K [0x237a0000, 0x23cf0000, 0x28cf0000)
  eden space 4416K,   0% used [0x237a0000, 0x237a0000, 0x23bf0000)
  from space 512K,   0% used [0x23bf0000, 0x23bf1418, 0x23c70000)
  to   space 512K,   0% used [0x23c70000, 0x23c70000, 0x23cf0000)
 tenured generation   total 10944K, used 2875K [0x28cf0000, 0x297a0000, 0x337a0000)
   the space 10944K,  26% used [0x28cf0000, 0x28fbeec8, 0x28fbf000, 0x297a0000)
 compacting perm gen  total 12288K, used 1007K [0x337a0000, 0x343a0000, 0x377a0000)
   the space 12288K,   8% used [0x337a0000, 0x3389bde8, 0x3389be00, 0x343a0000)
    ro space 10240K,  45% used [0x377a0000, 0x37c273d8, 0x37c27400, 0x381a0000)
    rw space 12288K,  54% used [0x381a0000, 0x3882acc8, 0x3882ae00, 0x38da0000)
}
Event: 11.092 GC heap before
{Heap before GC invocations=4 (full 0):
 def new generation   total 4928K, used 4122K [0x237a0000, 0x23cf0000, 0x28cf0000)
  eden space 4416K,  93% used [0x237a0000, 0x23ba5628, 0x23bf0000)
  from space 512K,   0% used [0x23bf0000, 0x23bf1418, 0x23c70000)
  to   space 512K,   0% used [0x23c70000, 0x23c70000, 0x23cf0000)
 tenured generation   total 10944K, used 2875K [0x28cf0000, 0x297a0000, 0x337a0000)
   the space 10944K,  26% used [0x28cf0000, 0x28fbeec8, 0x28fbf000, 0x297a0000)
 compacting perm gen  total 12288K, used 1007K [0x337a0000, 0x343a0000, 0x377a0000)
   the space 12288K,   8% used [0x337a0000, 0x3389bdf8, 0x3389be00, 0x343a0000)
    ro space 10240K,  45% used [0x377a0000, 0x37c273d8, 0x37c27400, 0x381a0000)
    rw space 12288K,  54% used [0x381a0000, 0x3882acc8, 0x3882ae00, 0x38da0000)
Event: 11.096 GC heap after
Heap after GC invocations=5 (full 0):
 def new generation   total 4928K, used 3K [0x237a0000, 0x23cf0000, 0x28cf0000)
  eden space 4416K,   0% used [0x237a0000, 0x237a0000, 0x23bf0000)
  from space 512K,   0% used [0x23c70000, 0x23c70f68, 0x23cf0000)
  to   space 512K,   0% used [0x23bf0000, 0x23bf0000, 0x23c70000)
 tenured generation   total 10944K, used 2875K [0x28cf0000, 0x297a0000, 0x337a0000)
   the space 10944K,  26% used [0x28cf0000, 0x28fbeec8, 0x28fbf000, 0x297a0000)
 compacting perm gen  total 12288K, used 1007K [0x337a0000, 0x343a0000, 0x377a0000)
   the space 12288K,   8% used [0x337a0000, 0x3389bdf8, 0x3389be00, 0x343a0000)
    ro space 10240K,  45% used [0x377a0000, 0x37c273d8, 0x37c27400, 0x381a0000)
    rw space 12288K,  54% used [0x381a0000, 0x3882acc8, 0x3882ae00, 0x38da0000)
}
Event: 12.708 GC heap before
{Heap before GC invocations=5 (full 0):
 def new generation   total 4928K, used 3191K [0x237a0000, 0x23cf0000, 0x28cf0000)
  eden space 4416K,  72% used [0x237a0000, 0x23abcdc0, 0x23bf0000)
  from space 512K,   0% used [0x23c70000, 0x23c70f68, 0x23cf0000)
  to   space 512K,   0% used [0x23bf0000, 0x23bf0000, 0x23c70000)
 tenured generation   total 10944K, used 2875K [0x28cf0000, 0x297a0000, 0x337a0000)
   the space 10944K,  26% used [0x28cf0000, 0x28fbeec8, 0x28fbf000, 0x297a0000)
 compacting perm gen  total 12288K, used 1007K [0x337a0000, 0x343a0000, 0x377a0000)
   the space 12288K,   8% used [0x337a0000, 0x3389be08, 0x3389c000, 0x343a0000)
    ro space 10240K,  45% used [0x377a0000, 0x37c273d8, 0x37c27400, 0x381a0000)
    rw space 12288K,  54% used [0x381a0000, 0x3882acc8, 0x3882ae00, 0x38da0000)
Event: 12.709 GC heap after
Heap after GC invocations=6 (full 0):
 def new generation   total 4928K, used 3K [0x237a0000, 0x23cf0000, 0x28cf0000)
  eden space 4416K,   0% used [0x237a0000, 0x237a0000, 0x23bf0000)
  from space 512K,   0% used [0x23bf0000, 0x23bf0e90, 0x23c70000)
  to   space 512K,   0% used [0x23c70000, 0x23c70000, 0x23cf0000)
 tenured generation   total 10944K, used 2875K [0x28cf0000, 0x297a0000, 0x337a0000)
   the space 10944K,  26% used [0x28cf0000, 0x28fbeec8, 0x28fbf000, 0x297a0000)
 compacting perm gen  total 12288K, used 1007K [0x337a0000, 0x343a0000, 0x377a0000)
   the space 12288K,   8% used [0x337a0000, 0x3389be08, 0x3389c000, 0x343a0000)
    ro space 10240K,  45% used [0x377a0000, 0x37c273d8, 0x37c27400, 0x381a0000)
    rw space 12288K,  54% used [0x381a0000, 0x3882acc8, 0x3882ae00, 0x38da0000)
}
Event: 12.970 GC heap before
{Heap before GC invocations=6 (full 0):
 def new generation   total 4928K, used 3416K [0x237a0000, 0x23cf0000, 0x28cf0000)
  eden space 4416K,  77% used [0x237a0000, 0x23af5268, 0x23bf0000)
  from space 512K,   0% used [0x23bf0000, 0x23bf0e90, 0x23c70000)
  to   space 512K,   0% used [0x23c70000, 0x23c70000, 0x23cf0000)
 tenured generation   total 10944K, used 2875K [0x28cf0000, 0x297a0000, 0x337a0000)
   the space 10944K,  26% used [0x28cf0000, 0x28fbeec8, 0x28fbf000, 0x297a0000)
 compacting perm gen  total 12288K, used 1007K [0x337a0000, 0x343a0000, 0x377a0000)
   the space 12288K,   8% used [0x337a0000, 0x3389be08, 0x3389c000, 0x343a0000)
    ro space 10240K,  45% used [0x377a0000, 0x37c273d8, 0x37c27400, 0x381a0000)
    rw space 12288K,  54% used [0x381a0000, 0x3882acc8, 0x3882ae00, 0x38da0000)
Event: 12.971 GC heap after
Heap after GC invocations=7 (full 0):
 def new generation   total 4928K, used 4K [0x237a0000, 0x23cf0000, 0x28cf0000)
  eden space 4416K,   0% used [0x237a0000, 0x237a0000, 0x23bf0000)
  from space 512K,   0% used [0x23c70000, 0x23c71040, 0x23cf0000)
  to   space 512K,   0% used [0x23bf0000, 0x23bf0000, 0x23c70000)
 tenured generation   total 10944K, used 2875K [0x28cf0000, 0x297a0000, 0x337a0000)
   the space 10944K,  26% used [0x28cf0000, 0x28fbeec8, 0x28fbf000, 0x297a0000)
 compacting perm gen  total 12288K, used 1007K [0x337a0000, 0x343a0000, 0x377a0000)
   the space 12288K,   8% used [0x337a0000, 0x3389be08, 0x3389c000, 0x343a0000)
    ro space 10240K,  45% used [0x377a0000, 0x37c273d8, 0x37c27400, 0x381a0000)
    rw space 12288K,  54% used [0x381a0000, 0x3882acc8, 0x3882ae00, 0x38da0000)
}
Event: 15.689 GC heap before
{Heap before GC invocations=7 (full 0):
 def new generation   total 4928K, used 4160K [0x237a0000, 0x23cf0000, 0x28cf0000)
  eden space 4416K,  94% used [0x237a0000, 0x23baf168, 0x23bf0000)
  from space 512K,   0% used [0x23c70000, 0x23c71040, 0x23cf0000)
  to   space 512K,   0% used [0x23bf0000, 0x23bf0000, 0x23c70000)
 tenured generation   total 10944K, used 2875K [0x28cf0000, 0x297a0000, 0x337a0000)
   the space 10944K,  26% used [0x28cf0000, 0x28fbeec8, 0x28fbf000, 0x297a0000)
 compacting perm gen  total 12288K, used 1008K [0x337a0000, 0x343a0000, 0x377a0000)
   the space 12288K,   8% used [0x337a0000, 0x3389c1d8, 0x3389c200, 0x343a0000)
    ro space 10240K,  45% used [0x377a0000, 0x37c273d8, 0x37c27400, 0x381a0000)
    rw space 12288K,  54% used [0x381a0000, 0x3882acc8, 0x3882ae00, 0x38da0000)
Event: 15.691 GC heap after
Heap after GC invocations=8 (full 0):
 def new generation   total 4928K, used 4K [0x237a0000, 0x23cf0000, 0x28cf0000)
  eden space 4416K,   0% used [0x237a0000, 0x237a0000, 0x23bf0000)
  from space 512K,   0% used [0x23bf0000, 0x23bf1200, 0x23c70000)
  to   space 512K,   0% used [0x23c70000, 0x23c70000, 0x23cf0000)
 tenured generation   total 10944K, used 2875K [0x28cf0000, 0x297a0000, 0x337a0000)
   the space 10944K,  26% used [0x28cf0000, 0x28fbeec8, 0x28fbf000, 0x297a0000)
 compacting perm gen  total 12288K, used 1008K [0x337a0000, 0x343a0000, 0x377a0000)
   the space 12288K,   8% used [0x337a0000, 0x3389c1d8, 0x3389c200, 0x343a0000)
    ro space 10240K,  45% used [0x377a0000, 0x37c273d8, 0x37c27400, 0x381a0000)
    rw space 12288K,  54% used [0x381a0000, 0x3882acc8, 0x3882ae00, 0x38da0000)
}

Deoptimization events (0 events):
No events

Internal exceptions (10 events):
Event: 0.354 Thread 0x03ec2000 Threw 0x23891ec0 at C:\jdk7u2_32P\jdk7u17\hotspot\src\share\vm\prims\jvm.cpp:1166
Event: 0.355 Thread 0x03ec2000 Threw 0x23893c28 at C:\jdk7u2_32P\jdk7u17\hotspot\src\share\vm\prims\jvm.cpp:1166
Event: 0.425 Thread 0x03ec2000 Threw 0x238d85a0 at C:\jdk7u2_32P\jdk7u17\hotspot\src\share\vm\prims\jvm.cpp:1166
Event: 0.427 Thread 0x03ec2000 Threw 0x238d9d90 at C:\jdk7u2_32P\jdk7u17\hotspot\src\share\vm\prims\jvm.cpp:1166
Event: 0.429 Thread 0x03ec2000 Threw 0x238db628 at C:\jdk7u2_32P\jdk7u17\hotspot\src\share\vm\prims\jvm.cpp:1166
Event: 0.431 Thread 0x03ec2000 Threw 0x238dce00 at C:\jdk7u2_32P\jdk7u17\hotspot\src\share\vm\prims\jvm.cpp:1166
Event: 0.433 Thread 0x03ec2000 Threw 0x238de5e8 at C:\jdk7u2_32P\jdk7u17\hotspot\src\share\vm\prims\jvm.cpp:1166
Event: 0.434 Thread 0x03ec2000 Threw 0x238dfdc0 at C:\jdk7u2_32P\jdk7u17\hotspot\src\share\vm\prims\jvm.cpp:1166
Event: 0.436 Thread 0x03ec2000 Threw 0x238e15a0 at C:\jdk7u2_32P\jdk7u17\hotspot\src\share\vm\prims\jvm.cpp:1166
Event: 0.438 Thread 0x03ec2000 Threw 0x238e2e10 at C:\jdk7u2_32P\jdk7u17\hotspot\src\share\vm\prims\jvm.cpp:1166

Events (10 events):
Event: 28.599 loading class 0x03f42c50
Event: 28.599 loading class 0x03f42c50 done
Event: 28.601 loading class 0x03f42c20
Event: 28.601 loading class 0x03f42c20 done
Event: 28.601 loading class 0x03f42cb0
Event: 28.601 loading class 0x03f42cb0 done
Event: 28.603 loading class 0x03f42fe0
Event: 28.603 loading class 0x03f42fe0 done
Event: 28.604 loading class 0x03f43010
Event: 28.604 loading class 0x03f43010 done


Dynamic libraries:
0x011e0000 - 0x0120f000 	C:\Program Files\Java\jdk1.7.0_17\bin\java.exe
0x77b70000 - 0x77cac000 	C:\windows\SYSTEM32\ntdll.dll
0x76620000 - 0x766f4000 	C:\windows\system32\kernel32.dll
0x75ef0000 - 0x75f3b000 	C:\windows\system32\KERNELBASE.dll
0x77d00000 - 0x77da0000 	C:\windows\system32\ADVAPI32.dll
0x76ca0000 - 0x76d4c000 	C:\windows\system32\msvcrt.dll
0x76c80000 - 0x76c99000 	C:\windows\SYSTEM32\sechost.dll
0x76570000 - 0x76611000 	C:\windows\system32\RPCRT4.dll
0x76160000 - 0x76229000 	C:\windows\system32\USER32.dll
0x77cb0000 - 0x77cfe000 	C:\windows\system32\GDI32.dll
0x76ae0000 - 0x76aea000 	C:\windows\system32\LPK.dll
0x76de0000 - 0x76e7d000 	C:\windows\system32\USP10.dll
0x73e80000 - 0x7401e000 	C:\windows\WinSxS\x86_microsoft.windows.common-controls_6595b64144ccf1df_6.0.7601.17514_none_41e6975e2bd6f2b2\COMCTL32.dll
0x76d80000 - 0x76dd7000 	C:\windows\system32\SHLWAPI.dll
0x76d50000 - 0x76d6f000 	C:\windows\system32\IMM32.DLL
0x76450000 - 0x7651c000 	C:\windows\system32\MSCTF.dll
0x690d0000 - 0x6918e000 	C:\Program Files\Java\jdk1.7.0_17\jre\bin\msvcr100.dll
0x643a0000 - 0x646ec000 	C:\Program Files\Java\jdk1.7.0_17\jre\bin\client\jvm.dll
0x6feb0000 - 0x6feb7000 	C:\windows\system32\WSOCK32.dll
0x76120000 - 0x76155000 	C:\windows\system32\WS2_32.dll
0x76d70000 - 0x76d76000 	C:\windows\system32\NSI.dll
0x73cb0000 - 0x73ce2000 	C:\windows\system32\WINMM.dll
0x77b60000 - 0x77b65000 	C:\windows\system32\PSAPI.DLL
0x74130000 - 0x7413c000 	C:\Program Files\Java\jdk1.7.0_17\jre\bin\verify.dll
0x72010000 - 0x72030000 	C:\Program Files\Java\jdk1.7.0_17\jre\bin\java.dll
0x71ff0000 - 0x72003000 	C:\Program Files\Java\jdk1.7.0_17\jre\bin\zip.dll
0x648f0000 - 0x64a32000 	C:\Program Files\Java\jdk1.7.0_17\jre\bin\awt.dll
0x76e80000 - 0x76f0f000 	C:\windows\system32\OLEAUT32.dll
0x76af0000 - 0x76c4c000 	C:\windows\system32\ole32.dll
0x740c0000 - 0x74100000 	C:\windows\system32\uxtheme.dll
0x739a0000 - 0x739b3000 	C:\windows\system32\dwmapi.dll
0x75c80000 - 0x75c8c000 	C:\windows\system32\CRYPTBASE.dll
0x76f10000 - 0x77b5a000 	C:\windows\system32\SHELL32.dll
0x69020000 - 0x6904a000 	C:\Program Files\Java\jdk1.7.0_17\jre\bin\fontmanager.dll
0x10000000 - 0x10038000 	C:\Program Files\Lenovo\Bluetooth Software\btmmhook.dll
0x76090000 - 0x76113000 	C:\windows\system32\CLBCatQ.DLL
0x73870000 - 0x7396b000 	C:\windows\system32\WindowsCodecs.dll
0x75c30000 - 0x75c7c000 	C:\windows\system32\apphelp.dll
0x6ffc0000 - 0x6fff1000 	C:\windows\system32\EhStorShell.dll
0x76700000 - 0x7689d000 	C:\windows\system32\SETUPAPI.dll
0x75fd0000 - 0x75ff7000 	C:\windows\system32\CFGMGR32.dll
0x75ed0000 - 0x75ee2000 	C:\windows\system32\DEVOBJ.dll
0x74320000 - 0x74415000 	C:\windows\system32\PROPSYS.dll
0x6f7a0000 - 0x6fbaa000 	C:\PROGRA~1\MICROS~2\Office14\GROOVEEX.DLL
0x73dd0000 - 0x73e73000 	C:\windows\WinSxS\x86_microsoft.vc90.crt_1fc8b3b9a1e18e3b_9.0.30729.6161_none_50934f2ebcb7eb57\MSVCR90.dll
0x74030000 - 0x740be000 	C:\windows\WinSxS\x86_microsoft.vc90.crt_1fc8b3b9a1e18e3b_9.0.30729.6161_none_50934f2ebcb7eb57\MSVCP90.dll
0x6ff90000 - 0x6ffbb000 	C:\windows\WinSxS\x86_microsoft.vc90.atl_1fc8b3b9a1e18e3b_9.0.30729.6161_none_51cd0a7abbe4e19b\ATL90.DLL
0x6f390000 - 0x6f79f000 	C:\PROGRA~1\COMMON~1\MICROS~1\OFFICE14\Cultures\office.odf
0x6eb20000 - 0x6f384000 	C:\PROGRA~1\MICROS~2\Office14\1033\GrooveIntlResource.dll
0x6fd60000 - 0x6fd67000 	C:\Program Files\Internet Download Manager\IDMShellExt.dll
0x6fcd0000 - 0x6fd40000 	C:\windows\system32\ntshrui.dll
0x75a40000 - 0x75a59000 	C:\windows\system32\srvcli.dll
0x70440000 - 0x7044b000 	C:\windows\system32\cscapi.dll
0x741c0000 - 0x741ca000 	C:\windows\system32\slc.dll
0x71f30000 - 0x71f44000 	C:\Program Files\Java\jdk1.7.0_17\jre\bin\net.dll
0x75760000 - 0x7579c000 	C:\windows\system32\mswsock.dll
0x75750000 - 0x75756000 	C:\windows\System32\wship6.dll
0x71fe0000 - 0x71fee000 	C:\Program Files\Java\jdk1.7.0_17\jre\bin\nio.dll
0x68fe0000 - 0x69011000 	C:\Program Files\Java\jdk1.7.0_17\jre\bin\t2k.dll
0x03bf0000 - 0x03bf8000 	C:\Program Files\Internet Download Manager\idmmkb.dll
0x04530000 - 0x04578000 	C:\Program Files\Elantech\ETDApix.dll
0x73d70000 - 0x73dc1000 	C:\windows\system32\WINSPOOL.DRV
0x75100000 - 0x75109000 	C:\windows\system32\VERSION.dll
0x04840000 - 0x04868000 	C:\Windows\System32\Jpcap.dll
0x04bf0000 - 0x04c3c000 	C:\windows\system32\wpcap.dll
0x045e0000 - 0x045f8000 	C:\windows\system32\packet.dll
0x72b10000 - 0x72b2c000 	C:\windows\system32\iphlpapi.dll
0x72b00000 - 0x72b07000 	C:\windows\system32\WINNSI.DLL
0x71580000 - 0x71592000 	C:\windows\system32\dhcpcsvc.DLL
0x71430000 - 0x7143d000 	C:\windows\system32\dhcpcsvc6.DLL
0x04870000 - 0x04891000 	C:\Program Files\Lenovo\Bluetooth Software\btkeyind.dll
0x73780000 - 0x7386b000 	C:\windows\system32\dbghelp.dll

VM Arguments:
jvm_args: -Dfile.encoding=UTF-8 
java_command: jpcapnet.pkpirate
Launcher Type: SUN_STANDARD

Environment Variables:
CLASSPATH=C:\Program Files\Java\jdk1.6.0\bin
PATH=C:\windows\system32;C:\windows;C:\windows\System32\Wbem;C:\Program Files\Java\jdk1.7.0_17\bin;C:\Program Files\Lenovo\Bluetooth Software\;C:\Program Files\Java\jdk1.7.0_17\bin
USERNAME=l
OS=Windows_NT
PROCESSOR_IDENTIFIER=x86 Family 6 Model 37 Stepping 2, GenuineIntel



---------------  S Y S T E M  ---------------

OS: Windows 7 Build 7601 Service Pack 1

CPU:total 4 (2 cores per cpu, 2 threads per core) family 6 model 37 stepping 2, cmov, cx8, fxsr, mmx, sse, sse2, sse3, ssse3, sse4.1, sse4.2, popcnt, ht, tsc, tscinvbit

Memory: 4k page, physical 3265036k(1913984k free), swap 6528316k(5229772k free)

vm_info: Java HotSpot(TM) Client VM (23.7-b01) for windows-x86 JRE (1.7.0_17-b02), built on Mar  1 2013 05:04:36 by "java_re" with unknown MS VC++:1600

time: Sat Mar 16 10:04:30 2013
elapsed time: 28 seconds

