#
# A fatal error has been detected by the Java Runtime Environment:
#
#  EXCEPTION_ACCESS_VIOLATION (0xc0000005) at pc=0x047b69fd, pid=1184, tid=3528
#
# JRE version: 7.0_17-b02
# Java VM: Java HotSpot(TM) Client VM (23.7-b01 mixed mode, sharing windows-x86 )
# Problematic frame:
# C  [wpcap.dll+0x169fd]  pcap_next_ex+0x1d
#
# Failed to write core dump. Minidumps are not enabled by default on client versions of Windows
#
# If you would like to submit a bug report, please visit:
#   http://bugreport.sun.com/bugreport/crash.jsp
# The crash happened outside the Java Virtual Machine in native code.
# See problematic frame for where to report the bug.
#

---------------  T H R E A D  ---------------

Current thread (0x03e4c800):  JavaThread "AWT-EventQueue-0" [_thread_in_native, id=3528, stack(0x03d20000,0x03d70000)]

siginfo: ExceptionCode=0xc0000005, reading address 0x00000224

Registers:
EAX=0x00000214, EBX=0x03d6e6f8, ECX=0x03d6e700, EDX=0x03d6e6f8
ESP=0x03d6e6c0, EBP=0x03d6e6dc, ESI=0x00000000, EDI=0x03d6e700
EIP=0x047b69fd, EFLAGS=0x00010216

Top of Stack: (sp=0x03d6e6c0)
0x03d6e6c0:   00000000 03e4c928 338948c8 03d6ed54
0x03d6e6d0:   6460cc9e 5deed387 fffffffe 03d6e738
0x03d6e6e0:   040b1a7a 00000000 03d6e6f8 03d6e700
0x03d6e6f0:   03e4c800 338948c8 00000214 0198a717
0x03d6e700:   03e4c928 03d6e748 338953d0 00000000
0x03d6e710:   03d6e71c 03d6e740 03d6e718 00000000
0x03d6e720:   03d6e748 33895750 00000000 338948c8
0x03d6e730:   00000000 03d6e748 03d6e76c 0198345a 

Instructions: (pc=0x047b69fd)
0x047b69dd:   cc cc cc 55 8b ec 83 e4 f8 83 ec 0c 53 8b 5d 0c
0x047b69ed:   56 8b 75 08 8d 86 14 02 00 00 57 8b 7d 10 89 03
0x047b69fd:   83 be 24 02 00 00 00 89 44 24 10 89 7c 24 14 74
0x047b6a0d:   31 83 be 34 02 00 00 00 75 15 8b ce e8 82 cb ff 


Register to memory mapping:

EAX=0x00000214 is an unknown value
EBX=0x03d6e6f8 is pointing into the stack for thread: 0x03e4c800
ECX=0x03d6e700 is pointing into the stack for thread: 0x03e4c800
EDX=0x03d6e6f8 is pointing into the stack for thread: 0x03e4c800
ESP=0x03d6e6c0 is pointing into the stack for thread: 0x03e4c800
EBP=0x03d6e6dc is pointing into the stack for thread: 0x03e4c800
ESI=0x00000000 is an unknown value
EDI=0x03d6e700 is pointing into the stack for thread: 0x03e4c800


Stack: [0x03d20000,0x03d70000],  sp=0x03d6e6c0,  free space=313k
Native frames: (J=compiled Java code, j=interpreted, Vv=VM code, C=native code)
C  [wpcap.dll+0x169fd]  pcap_next_ex+0x1d
C  [Jpcap.dll+0x1a7a]  Java_jpcap_JpcapCaptor_getPacket+0x4a
j  jpcapnet.pkpirate.jButton2ActionPerformed(Ljava/awt/event/ActionEvent;)V+42
j  jpcapnet.pkpirate.access$100(Ljpcapnet/pkpirate;Ljava/awt/event/ActionEvent;)V+2
j  jpcapnet.pkpirate$2.actionPerformed(Ljava/awt/event/ActionEvent;)V+5
j  javax.swing.AbstractButton.fireActionPerformed(Ljava/awt/event/ActionEvent;)V+84
j  javax.swing.AbstractButton$Handler.actionPerformed(Ljava/awt/event/ActionEvent;)V+5
j  javax.swing.DefaultButtonModel.fireActionPerformed(Ljava/awt/event/ActionEvent;)V+35
j  javax.swing.DefaultButtonModel.setPressed(Z)V+117
j  javax.swing.plaf.basic.BasicButtonListener.mouseReleased(Ljava/awt/event/MouseEvent;)V+35
j  java.awt.Component.processMouseEvent(Ljava/awt/event/MouseEvent;)V+64
j  javax.swing.JComponent.processMouseEvent(Ljava/awt/event/MouseEvent;)V+23
j  java.awt.Component.processEvent(Ljava/awt/AWTEvent;)V+81
j  java.awt.Container.processEvent(Ljava/awt/AWTEvent;)V+18
j  java.awt.Component.dispatchEventImpl(Ljava/awt/AWTEvent;)V+581
j  java.awt.Container.dispatchEventImpl(Ljava/awt/AWTEvent;)V+42
j  java.awt.Component.dispatchEvent(Ljava/awt/AWTEvent;)V+2
j  java.awt.LightweightDispatcher.retargetMouseEvent(Ljava/awt/Component;ILjava/awt/event/MouseEvent;)V+327
j  java.awt.LightweightDispatcher.processMouseEvent(Ljava/awt/event/MouseEvent;)Z+139
j  java.awt.LightweightDispatcher.dispatchEvent(Ljava/awt/AWTEvent;)Z+50
j  java.awt.Container.dispatchEventImpl(Ljava/awt/AWTEvent;)V+12
j  java.awt.Window.dispatchEventImpl(Ljava/awt/AWTEvent;)V+19
j  java.awt.Component.dispatchEvent(Ljava/awt/AWTEvent;)V+2
j  java.awt.EventQueue.dispatchEventImpl(Ljava/awt/AWTEvent;Ljava/lang/Object;)V+41
j  java.awt.EventQueue.access$200(Ljava/awt/EventQueue;Ljava/awt/AWTEvent;Ljava/lang/Object;)V+3
j  java.awt.EventQueue$3.run()Ljava/lang/Void;+12
j  java.awt.EventQueue$3.run()Ljava/lang/Object;+1
v  ~StubRoutines::call_stub
V  [jvm.dll+0x12a34a]
V  [jvm.dll+0x1d968e]
V  [jvm.dll+0x12a3cd]
V  [jvm.dll+0xd9d0a]
C  [java.dll+0x102f]  Java_java_security_AccessController_doPrivileged__Ljava_security_PrivilegedAction_2Ljava_security_AccessControlContext_2+0x17
j  java.security.ProtectionDomain$1.doIntersectionPrivilege(Ljava/security/PrivilegedAction;Ljava/security/AccessControlContext;Ljava/security/AccessControlContext;)Ljava/lang/Object;+28
j  java.security.ProtectionDomain$1.doIntersectionPrivilege(Ljava/security/PrivilegedAction;Ljava/security/AccessControlContext;)Ljava/lang/Object;+6
j  java.awt.EventQueue$4.run()Ljava/lang/Void;+11
j  java.awt.EventQueue$4.run()Ljava/lang/Object;+1
v  ~StubRoutines::call_stub
V  [jvm.dll+0x12a34a]
V  [jvm.dll+0x1d968e]
V  [jvm.dll+0x12a3cd]
V  [jvm.dll+0xd9d0a]
C  [java.dll+0x102f]  Java_java_security_AccessController_doPrivileged__Ljava_security_PrivilegedAction_2Ljava_security_AccessControlContext_2+0x17
j  java.security.ProtectionDomain$1.doIntersectionPrivilege(Ljava/security/PrivilegedAction;Ljava/security/AccessControlContext;Ljava/security/AccessControlContext;)Ljava/lang/Object;+28
j  java.awt.EventQueue.dispatchEvent(Ljava/awt/AWTEvent;)V+73
j  java.awt.EventDispatchThread.pumpOneEventForFilters(I)V+245
j  java.awt.EventDispatchThread.pumpEventsForFilter(ILjava/awt/Conditional;Ljava/awt/EventFilter;)V+35
j  java.awt.EventDispatchThread.pumpEventsForHierarchy(ILjava/awt/Conditional;Ljava/awt/Component;)V+11
j  java.awt.EventDispatchThread.pumpEvents(ILjava/awt/Conditional;)V+4
j  java.awt.EventDispatchThread.pumpEvents(Ljava/awt/Conditional;)V+3
j  java.awt.EventDispatchThread.run()V+9
v  ~StubRoutines::call_stub
V  [jvm.dll+0x12a34a]
V  [jvm.dll+0x1d968e]
V  [jvm.dll+0x12a533]
V  [jvm.dll+0x12a597]
V  [jvm.dll+0xd306f]
V  [jvm.dll+0x14a647]
V  [jvm.dll+0x14a7b0]
V  [jvm.dll+0x17ee89]
C  [msvcr100.dll+0x5c6de]  endthreadex+0x3a
C  [msvcr100.dll+0x5c788]  endthreadex+0xe4
C  [kernel32.dll+0x4ed6c]  BaseThreadInitThunk+0x12
C  [ntdll.dll+0x6377b]  RtlInitializeExceptionChain+0xef
C  [ntdll.dll+0x6374e]  RtlInitializeExceptionChain+0xc2

Java frames: (J=compiled Java code, j=interpreted, Vv=VM code)
j  jpcap.JpcapCaptor.getPacket()Ljpcap/packet/Packet;+0
j  jpcapnet.pkpirate.jButton2ActionPerformed(Ljava/awt/event/ActionEvent;)V+42
j  jpcapnet.pkpirate.access$100(Ljpcapnet/pkpirate;Ljava/awt/event/ActionEvent;)V+2
j  jpcapnet.pkpirate$2.actionPerformed(Ljava/awt/event/ActionEvent;)V+5
j  javax.swing.AbstractButton.fireActionPerformed(Ljava/awt/event/ActionEvent;)V+84
j  javax.swing.AbstractButton$Handler.actionPerformed(Ljava/awt/event/ActionEvent;)V+5
j  javax.swing.DefaultButtonModel.fireActionPerformed(Ljava/awt/event/ActionEvent;)V+35
j  javax.swing.DefaultButtonModel.setPressed(Z)V+117
j  javax.swing.plaf.basic.BasicButtonListener.mouseReleased(Ljava/awt/event/MouseEvent;)V+35
j  java.awt.Component.processMouseEvent(Ljava/awt/event/MouseEvent;)V+64
j  javax.swing.JComponent.processMouseEvent(Ljava/awt/event/MouseEvent;)V+23
j  java.awt.Component.processEvent(Ljava/awt/AWTEvent;)V+81
j  java.awt.Container.processEvent(Ljava/awt/AWTEvent;)V+18
j  java.awt.Component.dispatchEventImpl(Ljava/awt/AWTEvent;)V+581
j  java.awt.Container.dispatchEventImpl(Ljava/awt/AWTEvent;)V+42
j  java.awt.Component.dispatchEvent(Ljava/awt/AWTEvent;)V+2
j  java.awt.LightweightDispatcher.retargetMouseEvent(Ljava/awt/Component;ILjava/awt/event/MouseEvent;)V+327
j  java.awt.LightweightDispatcher.processMouseEvent(Ljava/awt/event/MouseEvent;)Z+139
j  java.awt.LightweightDispatcher.dispatchEvent(Ljava/awt/AWTEvent;)Z+50
j  java.awt.Container.dispatchEventImpl(Ljava/awt/AWTEvent;)V+12
j  java.awt.Window.dispatchEventImpl(Ljava/awt/AWTEvent;)V+19
j  java.awt.Component.dispatchEvent(Ljava/awt/AWTEvent;)V+2
j  java.awt.EventQueue.dispatchEventImpl(Ljava/awt/AWTEvent;Ljava/lang/Object;)V+41
j  java.awt.EventQueue.access$200(Ljava/awt/EventQueue;Ljava/awt/AWTEvent;Ljava/lang/Object;)V+3
j  java.awt.EventQueue$3.run()Ljava/lang/Void;+12
j  java.awt.EventQueue$3.run()Ljava/lang/Object;+1
v  ~StubRoutines::call_stub
j  java.security.AccessController.doPrivileged(Ljava/security/PrivilegedAction;Ljava/security/AccessControlContext;)Ljava/lang/Object;+0
j  java.security.ProtectionDomain$1.doIntersectionPrivilege(Ljava/security/PrivilegedAction;Ljava/security/AccessControlContext;Ljava/security/AccessControlContext;)Ljava/lang/Object;+28
j  java.security.ProtectionDomain$1.doIntersectionPrivilege(Ljava/security/PrivilegedAction;Ljava/security/AccessControlContext;)Ljava/lang/Object;+6
j  java.awt.EventQueue$4.run()Ljava/lang/Void;+11
j  java.awt.EventQueue$4.run()Ljava/lang/Object;+1
v  ~StubRoutines::call_stub
j  java.security.AccessController.doPrivileged(Ljava/security/PrivilegedAction;Ljava/security/AccessControlContext;)Ljava/lang/Object;+0
j  java.security.ProtectionDomain$1.doIntersectionPrivilege(Ljava/security/PrivilegedAction;Ljava/security/AccessControlContext;Ljava/security/AccessControlContext;)Ljava/lang/Object;+28
j  java.awt.EventQueue.dispatchEvent(Ljava/awt/AWTEvent;)V+73
j  java.awt.EventDispatchThread.pumpOneEventForFilters(I)V+245
j  java.awt.EventDispatchThread.pumpEventsForFilter(ILjava/awt/Conditional;Ljava/awt/EventFilter;)V+35
j  java.awt.EventDispatchThread.pumpEventsForHierarchy(ILjava/awt/Conditional;Ljava/awt/Component;)V+11
j  java.awt.EventDispatchThread.pumpEvents(ILjava/awt/Conditional;)V+4
j  java.awt.EventDispatchThread.pumpEvents(Ljava/awt/Conditional;)V+3
j  java.awt.EventDispatchThread.run()V+9
v  ~StubRoutines::call_stub

---------------  P R O C E S S  ---------------

Java Threads: ( => current thread )
  0x03ecc800 JavaThread "TimerQueue" daemon [_thread_blocked, id=5108, stack(0x04cf0000,0x04d40000)]
  0x017aa800 JavaThread "DestroyJavaVM" [_thread_blocked, id=1988, stack(0x00390000,0x003e0000)]
=>0x03e4c800 JavaThread "AWT-EventQueue-0" [_thread_in_native, id=3528, stack(0x03d20000,0x03d70000)]
  0x03e4b800 JavaThread "AWT-Windows" daemon [_thread_in_native, id=5932, stack(0x04140000,0x04190000)]
  0x03e49c00 JavaThread "AWT-Shutdown" [_thread_blocked, id=5448, stack(0x040e0000,0x04130000)]
  0x03e46c00 JavaThread "Java2D Disposer" daemon [_thread_blocked, id=4440, stack(0x03c30000,0x03c80000)]
  0x016f1800 JavaThread "Service Thread" daemon [_thread_blocked, id=3540, stack(0x03d80000,0x03dd0000)]
  0x016ec800 JavaThread "C1 CompilerThread0" daemon [_thread_blocked, id=1880, stack(0x03bd0000,0x03c20000)]
  0x016eb000 JavaThread "Attach Listener" daemon [_thread_blocked, id=2644, stack(0x018d0000,0x01920000)]
  0x016e8000 JavaThread "Signal Dispatcher" daemon [_thread_blocked, id=3164, stack(0x03a90000,0x03ae0000)]
  0x016d6800 JavaThread "Finalizer" daemon [_thread_blocked, id=5624, stack(0x03b70000,0x03bc0000)]
  0x016d1c00 JavaThread "Reference Handler" daemon [_thread_blocked, id=4836, stack(0x039b0000,0x03a00000)]

Other Threads:
  0x016d0000 VMThread [stack: 0x03a00000,0x03a50000] [id=2480]
  0x01704400 WatcherThread [stack: 0x03ca0000,0x03cf0000] [id=4704]

VM state:not at safepoint (normal execution)

VM Mutex/Monitor currently owned by a thread: None

Heap
 def new generation   total 4928K, used 3891K [0x237a0000, 0x23cf0000, 0x28cf0000)
  eden space 4416K,  88% used [0x237a0000, 0x23b6cf90, 0x23bf0000)
  from space 512K,   0% used [0x23bf0000, 0x23bf0000, 0x23c70000)
  to   space 512K,   0% used [0x23c70000, 0x23c70000, 0x23cf0000)
 tenured generation   total 10944K, used 0K [0x28cf0000, 0x297a0000, 0x337a0000)
   the space 10944K,   0% used [0x28cf0000, 0x28cf0000, 0x28cf0200, 0x297a0000)
 compacting perm gen  total 12288K, used 1029K [0x337a0000, 0x343a0000, 0x377a0000)
   the space 12288K,   8% used [0x337a0000, 0x338a15c0, 0x338a1600, 0x343a0000)
    ro space 10240K,  45% used [0x377a0000, 0x37c273d8, 0x37c27400, 0x381a0000)
    rw space 12288K,  54% used [0x381a0000, 0x3882acc8, 0x3882ae00, 0x38da0000)

Card table byte_map: [0x017b0000,0x01860000] byte_map_base: 0x01694300

Polling page: 0x00210000

Code Cache  [0x01980000, 0x01a50000, 0x03980000)
 total_blobs=357 nmethods=141 adapters=151 free_code_cache=31963Kb largest_free_block=32730176

Compilation events (10 events):
Event: 5.088 Thread 0x016ec800  137             java.awt.Component::getPeer (5 bytes)
Event: 5.088 Thread 0x016ec800 nmethod 137 0x01a47dc8 code [0x01a47ec0, 0x01a47f40]
Event: 5.845 Thread 0x016ec800  138             sun.awt.AWTAutoShutdown::isReadyToShutdown (35 bytes)
Event: 5.846 Thread 0x016ec800 nmethod 138 0x01a47f88 code [0x01a48090, 0x01a4817c]
Event: 5.904 Thread 0x016ec800  139             java.awt.EventQueue::getNextEventPrivate (76 bytes)
Event: 5.904 Thread 0x016ec800 nmethod 139 0x01a48248 code [0x01a48360, 0x01a4849c]
Event: 5.919 Thread 0x016ec800  140             java.util.IdentityHashMap::isEmpty (13 bytes)
Event: 5.919 Thread 0x016ec800 nmethod 140 0x01a48608 code [0x01a48700, 0x01a48790]
Event: 6.496 Thread 0x016ec800  141             sun.font.FileFontStrike::getCachedGlyphPtr (120 bytes)
Event: 6.497 Thread 0x016ec800 nmethod 141 0x01a487c8 code [0x01a488f0, 0x01a48b50]

GC Heap History (0 events):
No events

Deoptimization events (0 events):
No events

Internal exceptions (10 events):
Event: 0.336 Thread 0x03e4c800 Threw 0x23891ec8 at C:\jdk7u2_32P\jdk7u17\hotspot\src\share\vm\prims\jvm.cpp:1166
Event: 0.337 Thread 0x03e4c800 Threw 0x23893c30 at C:\jdk7u2_32P\jdk7u17\hotspot\src\share\vm\prims\jvm.cpp:1166
Event: 0.431 Thread 0x03e4c800 Threw 0x238d85a8 at C:\jdk7u2_32P\jdk7u17\hotspot\src\share\vm\prims\jvm.cpp:1166
Event: 0.434 Thread 0x03e4c800 Threw 0x238d9d98 at C:\jdk7u2_32P\jdk7u17\hotspot\src\share\vm\prims\jvm.cpp:1166
Event: 0.436 Thread 0x03e4c800 Threw 0x238db630 at C:\jdk7u2_32P\jdk7u17\hotspot\src\share\vm\prims\jvm.cpp:1166
Event: 0.438 Thread 0x03e4c800 Threw 0x238dce08 at C:\jdk7u2_32P\jdk7u17\hotspot\src\share\vm\prims\jvm.cpp:1166
Event: 0.440 Thread 0x03e4c800 Threw 0x238de5f0 at C:\jdk7u2_32P\jdk7u17\hotspot\src\share\vm\prims\jvm.cpp:1166
Event: 0.442 Thread 0x03e4c800 Threw 0x238dfdc8 at C:\jdk7u2_32P\jdk7u17\hotspot\src\share\vm\prims\jvm.cpp:1166
Event: 0.445 Thread 0x03e4c800 Threw 0x238e15a8 at C:\jdk7u2_32P\jdk7u17\hotspot\src\share\vm\prims\jvm.cpp:1166
Event: 0.447 Thread 0x03e4c800 Threw 0x238e2e18 at C:\jdk7u2_32P\jdk7u17\hotspot\src\share\vm\prims\jvm.cpp:1166

Events (10 events):
Event: 6.667 loading class 0x03ed1448
Event: 6.667 loading class 0x03ed1448 done
Event: 6.668 loading class 0x03ed1418
Event: 6.668 loading class 0x03ed1418 done
Event: 6.669 loading class 0x03ed14a8
Event: 6.669 loading class 0x03ed14a8 done
Event: 6.670 loading class 0x03ed17d8
Event: 6.670 loading class 0x03ed17d8 done
Event: 6.671 loading class 0x03ed1808
Event: 6.671 loading class 0x03ed1808 done


Dynamic libraries:
0x01160000 - 0x0118f000 	C:\Program Files\Java\jdk1.7.0_17\bin\java.exe
0x77b70000 - 0x77cac000 	C:\windows\SYSTEM32\ntdll.dll
0x76620000 - 0x766f4000 	C:\windows\system32\kernel32.dll
0x75ef0000 - 0x75f3b000 	C:\windows\system32\KERNELBASE.dll
0x77d00000 - 0x77da0000 	C:\windows\system32\ADVAPI32.dll
0x76ca0000 - 0x76d4c000 	C:\windows\system32\msvcrt.dll
0x76c80000 - 0x76c99000 	C:\windows\SYSTEM32\sechost.dll
0x76570000 - 0x76611000 	C:\windows\system32\RPCRT4.dll
0x76160000 - 0x76229000 	C:\windows\system32\USER32.dll
0x77cb0000 - 0x77cfe000 	C:\windows\system32\GDI32.dll
0x76ae0000 - 0x76aea000 	C:\windows\system32\LPK.dll
0x76de0000 - 0x76e7d000 	C:\windows\system32\USP10.dll
0x73e80000 - 0x7401e000 	C:\windows\WinSxS\x86_microsoft.windows.common-controls_6595b64144ccf1df_6.0.7601.17514_none_41e6975e2bd6f2b2\COMCTL32.dll
0x76d80000 - 0x76dd7000 	C:\windows\system32\SHLWAPI.dll
0x76d50000 - 0x76d6f000 	C:\windows\system32\IMM32.DLL
0x76450000 - 0x7651c000 	C:\windows\system32\MSCTF.dll
0x690d0000 - 0x6918e000 	C:\Program Files\Java\jdk1.7.0_17\jre\bin\msvcr100.dll
0x643a0000 - 0x646ec000 	C:\Program Files\Java\jdk1.7.0_17\jre\bin\client\jvm.dll
0x6feb0000 - 0x6feb7000 	C:\windows\system32\WSOCK32.dll
0x76120000 - 0x76155000 	C:\windows\system32\WS2_32.dll
0x76d70000 - 0x76d76000 	C:\windows\system32\NSI.dll
0x73cb0000 - 0x73ce2000 	C:\windows\system32\WINMM.dll
0x77b60000 - 0x77b65000 	C:\windows\system32\PSAPI.DLL
0x74130000 - 0x7413c000 	C:\Program Files\Java\jdk1.7.0_17\jre\bin\verify.dll
0x72010000 - 0x72030000 	C:\Program Files\Java\jdk1.7.0_17\jre\bin\java.dll
0x71ff0000 - 0x72003000 	C:\Program Files\Java\jdk1.7.0_17\jre\bin\zip.dll
0x648f0000 - 0x64a32000 	C:\Program Files\Java\jdk1.7.0_17\jre\bin\awt.dll
0x76e80000 - 0x76f0f000 	C:\windows\system32\OLEAUT32.dll
0x76af0000 - 0x76c4c000 	C:\windows\system32\ole32.dll
0x740c0000 - 0x74100000 	C:\windows\system32\uxtheme.dll
0x739a0000 - 0x739b3000 	C:\windows\system32\dwmapi.dll
0x75c80000 - 0x75c8c000 	C:\windows\system32\CRYPTBASE.dll
0x76f10000 - 0x77b5a000 	C:\windows\system32\SHELL32.dll
0x69020000 - 0x6904a000 	C:\Program Files\Java\jdk1.7.0_17\jre\bin\fontmanager.dll
0x10000000 - 0x10038000 	C:\Program Files\Lenovo\Bluetooth Software\btmmhook.dll
0x76090000 - 0x76113000 	C:\windows\system32\CLBCatQ.DLL
0x73870000 - 0x7396b000 	C:\windows\system32\WindowsCodecs.dll
0x75c30000 - 0x75c7c000 	C:\windows\system32\apphelp.dll
0x6ffc0000 - 0x6fff1000 	C:\windows\system32\EhStorShell.dll
0x76700000 - 0x7689d000 	C:\windows\system32\SETUPAPI.dll
0x75fd0000 - 0x75ff7000 	C:\windows\system32\CFGMGR32.dll
0x75ed0000 - 0x75ee2000 	C:\windows\system32\DEVOBJ.dll
0x74320000 - 0x74415000 	C:\windows\system32\PROPSYS.dll
0x6f7a0000 - 0x6fbaa000 	C:\PROGRA~1\MICROS~2\Office14\GROOVEEX.DLL
0x73dd0000 - 0x73e73000 	C:\windows\WinSxS\x86_microsoft.vc90.crt_1fc8b3b9a1e18e3b_9.0.30729.6161_none_50934f2ebcb7eb57\MSVCR90.dll
0x74030000 - 0x740be000 	C:\windows\WinSxS\x86_microsoft.vc90.crt_1fc8b3b9a1e18e3b_9.0.30729.6161_none_50934f2ebcb7eb57\MSVCP90.dll
0x6ff90000 - 0x6ffbb000 	C:\windows\WinSxS\x86_microsoft.vc90.atl_1fc8b3b9a1e18e3b_9.0.30729.6161_none_51cd0a7abbe4e19b\ATL90.DLL
0x6f390000 - 0x6f79f000 	C:\PROGRA~1\COMMON~1\MICROS~1\OFFICE14\Cultures\office.odf
0x6eb20000 - 0x6f384000 	C:\PROGRA~1\MICROS~2\Office14\1033\GrooveIntlResource.dll
0x6fd60000 - 0x6fd67000 	C:\Program Files\Internet Download Manager\IDMShellExt.dll
0x6fcd0000 - 0x6fd40000 	C:\windows\system32\ntshrui.dll
0x75a40000 - 0x75a59000 	C:\windows\system32\srvcli.dll
0x70440000 - 0x7044b000 	C:\windows\system32\cscapi.dll
0x741c0000 - 0x741ca000 	C:\windows\system32\slc.dll
0x71f30000 - 0x71f44000 	C:\Program Files\Java\jdk1.7.0_17\jre\bin\net.dll
0x75760000 - 0x7579c000 	C:\windows\system32\mswsock.dll
0x75750000 - 0x75756000 	C:\windows\System32\wship6.dll
0x71fe0000 - 0x71fee000 	C:\Program Files\Java\jdk1.7.0_17\jre\bin\nio.dll
0x68fe0000 - 0x69011000 	C:\Program Files\Java\jdk1.7.0_17\jre\bin\t2k.dll
0x039a0000 - 0x039a8000 	C:\Program Files\Internet Download Manager\idmmkb.dll
0x046f0000 - 0x04738000 	C:\Program Files\Elantech\ETDApix.dll
0x73d70000 - 0x73dc1000 	C:\windows\system32\WINSPOOL.DRV
0x75100000 - 0x75109000 	C:\windows\system32\VERSION.dll
0x040b0000 - 0x040d8000 	C:\Windows\System32\Jpcap.dll
0x047a0000 - 0x047ec000 	C:\windows\system32\wpcap.dll
0x042c0000 - 0x042d8000 	C:\windows\system32\packet.dll
0x72b10000 - 0x72b2c000 	C:\windows\system32\iphlpapi.dll
0x72b00000 - 0x72b07000 	C:\windows\system32\WINNSI.DLL
0x71580000 - 0x71592000 	C:\windows\system32\dhcpcsvc.DLL
0x71430000 - 0x7143d000 	C:\windows\system32\dhcpcsvc6.DLL
0x04820000 - 0x04841000 	C:\Program Files\Lenovo\Bluetooth Software\btkeyind.dll
0x73780000 - 0x7386b000 	C:\windows\system32\dbghelp.dll

VM Arguments:
jvm_args: -Dfile.encoding=UTF-8 
java_command: jpcapnet.pkpirate
Launcher Type: SUN_STANDARD

Environment Variables:
CLASSPATH=C:\Program Files\Java\jdk1.6.0\bin
PATH=C:\windows\system32;C:\windows;C:\windows\System32\Wbem;C:\Program Files\Java\jdk1.7.0_17\bin;C:\Program Files\Lenovo\Bluetooth Software\;C:\Program Files\Java\jdk1.7.0_17\bin
USERNAME=l
OS=Windows_NT
PROCESSOR_IDENTIFIER=x86 Family 6 Model 37 Stepping 2, GenuineIntel



---------------  S Y S T E M  ---------------

OS: Windows 7 Build 7601 Service Pack 1

CPU:total 4 (2 cores per cpu, 2 threads per core) family 6 model 37 stepping 2, cmov, cx8, fxsr, mmx, sse, sse2, sse3, ssse3, sse4.1, sse4.2, popcnt, ht, tsc, tscinvbit

Memory: 4k page, physical 3265036k(1901804k free), swap 6528316k(5225780k free)

vm_info: Java HotSpot(TM) Client VM (23.7-b01) for windows-x86 JRE (1.7.0_17-b02), built on Mar  1 2013 05:04:36 by "java_re" with unknown MS VC++:1600

time: Sat Mar 16 10:30:23 2013
elapsed time: 6 seconds

